<?xml version="1.0" encoding="UTF-8"?>
<testsuite xmlns:xsi="http://www.w3.org/2001/XMLSchema-instance" xsi:noNamespaceSchemaLocation="https://maven.apache.org/surefire/maven-surefire-plugin/xsd/surefire-test-report.xsd" version="3.0.2" name="com.unir.poyecto.PortalGestionBackApplicationTests" time="9.625" tests="1" errors="0" skipped="0" failures="0">
  <properties>
[...]
</properties>
  <testcase name="contextLoads" classname="com.unir.poyecto.PortalGestionBackApplicationTests" time="0.902">
    <system-out><![CDATA[01:35:17.938 [main] INFO org.springframework.test.context.support.AnnotationConfigContextLoaderUtils -- Could not detect default configuration classes for test class [com.unir.poyecto.PortalGestionBackApplicationTests]: PortalGestionBackApplicationTests does not declare any static, non-private, non-final, nested classes annotated with @Configuration.
01:35:18.259 [main] INFO org.springframework.boot.test.context.SpringBootTestContextBootstrapper -- Found @SpringBootConfiguration com.unir.poyecto.PortalGestionBackApplication for test class com.unir.poyecto.PortalGestionBackApplicationTests
01:35:18.656 [main] INFO org.springframework.boot.devtools.restart.RestartApplicationListener -- Restart disabled due to context in which it is running

  .   ____          _            __ _ _
 /\\ / ___'_ __ _ _(_)_ __  __ _ \ \ \ \
( ( )\___ | '_ | '_| | '_ \/ _` | \ \ \ \
 \\/  ___)| |_)| | | | | || (_| |  ) ) ) )
  '  |____| .__|_| |_|_| |_\__, | / / / /
 =========|_|==============|___/=/_/_/_/

 :: Spring Boot ::                (v3.4.0)

2024-12-14T01:35:19.217+01:00  INFO 13104 --- [portal-gestion-back] [           main] c.u.p.PortalGestionBackApplicationTests  : Starting PortalGestionBackApplicationTests using Java 21.0.5 with PID 13104 (started by Pravos in C:\Users\Pravos\Documents\TFC\portal-gestion-back)
2024-12-14T01:35:19.219+01:00  INFO 13104 --- [portal-gestion-back] [           main] c.u.p.PortalGestionBackApplicationTests  : No active profile set, falling back to 1 default profile: "default"
2024-12-14T01:35:20.257+01:00  INFO 13104 --- [portal-gestion-back] [           main] .s.d.r.c.RepositoryConfigurationDelegate : Bootstrapping Spring Data JPA repositories in DEFAULT mode.
2024-12-14T01:35:20.332+01:00  INFO 13104 --- [portal-gestion-back] [           main] .s.d.r.c.RepositoryConfigurationDelegate : Finished Spring Data repository scanning in 58 ms. Found 1 JPA repository interface.
2024-12-14T01:35:21.509+01:00  INFO 13104 --- [portal-gestion-back] [           main] com.zaxxer.hikari.HikariDataSource       : HikariPool-1 - Starting...
2024-12-14T01:35:21.900+01:00  INFO 13104 --- [portal-gestion-back] [           main] com.zaxxer.hikari.pool.HikariPool        : HikariPool-1 - Added connection com.mysql.cj.jdbc.ConnectionImpl@49edcb30
2024-12-14T01:35:21.906+01:00  INFO 13104 --- [portal-gestion-back] [           main] com.zaxxer.hikari.HikariDataSource       : HikariPool-1 - Start completed.
2024-12-14T01:35:22.003+01:00  INFO 13104 --- [portal-gestion-back] [           main] o.hibernate.jpa.internal.util.LogHelper  : HHH000204: Processing PersistenceUnitInfo [name: default]
2024-12-14T01:35:22.120+01:00  INFO 13104 --- [portal-gestion-back] [           main] org.hibernate.Version                    : HHH000412: Hibernate ORM core version 6.6.2.Final
2024-12-14T01:35:22.227+01:00  INFO 13104 --- [portal-gestion-back] [           main] o.h.c.internal.RegionFactoryInitiator    : HHH000026: Second-level cache disabled
2024-12-14T01:35:22.829+01:00  INFO 13104 --- [portal-gestion-back] [           main] o.s.o.j.p.SpringPersistenceUnitInfo      : No LoadTimeWeaver setup: ignoring JPA class transformer
2024-12-14T01:35:23.022+01:00  WARN 13104 --- [portal-gestion-back] [           main] org.hibernate.dialect.Dialect            : HHH000511: The 5.5.5 version for [org.hibernate.dialect.MySQLDialect] is no longer supported, hence certain features may not work properly. The minimum supported version is 8.0.0. Check the community dialects project for available legacy versions.
2024-12-14T01:35:23.060+01:00  INFO 13104 --- [portal-gestion-back] [           main] org.hibernate.orm.connections.pooling    : HHH10001005: Database info:
	Database JDBC URL [Connecting through datasource 'HikariDataSource (HikariPool-1)']
	Database driver: undefined/unknown
	Database version: 5.5.5
	Autocommit mode: undefined/unknown
	Isolation level: undefined/unknown
	Minimum pool size: undefined/unknown
	Maximum pool size: undefined/unknown
2024-12-14T01:35:24.504+01:00  INFO 13104 --- [portal-gestion-back] [           main] o.h.e.t.j.p.i.JtaPlatformInitiator       : HHH000489: No JTA platform available (set 'hibernate.transaction.jta.platform' to enable JTA platform integration)
2024-12-14T01:35:24.508+01:00  INFO 13104 --- [portal-gestion-back] [           main] j.LocalContainerEntityManagerFactoryBean : Initialized JPA EntityManagerFactory for persistence unit 'default'
2024-12-14T01:35:25.276+01:00  WARN 13104 --- [portal-gestion-back] [           main] JpaBaseConfiguration$JpaWebConfiguration : spring.jpa.open-in-view is enabled by default. Therefore, database queries may be performed during view rendering. Explicitly configure spring.jpa.open-in-view to disable this warning
2024-12-14T01:35:26.108+01:00  INFO 13104 --- [portal-gestion-back] [           main] c.u.p.PortalGestionBackApplicationTests  : Started PortalGestionBackApplicationTests in 7.48 seconds (process running for 9.97)
]]></system-out>
    <system-err><![CDATA[Mockito is currently self-attaching to enable the inline-mock-maker. This will no longer work in future releases of the JDK. Please add Mockito as an agent to your build what is described in Mockito's documentation: https://javadoc.io/doc/org.mockito/mockito-core/latest/org/mockito/Mockito.html#0.3
WARNING: A Java agent has been loaded dynamically (C:\Users\Pravos\.m2\repository\net\bytebuddy\byte-buddy-agent\1.15.10\byte-buddy-agent-1.15.10.jar)
WARNING: If a serviceability tool is in use, please run with -XX:+EnableDynamicAgentLoading to hide this warning
WARNING: If a serviceability tool is not in use, please run with -Djdk.instrument.traceUsage for more information
WARNING: Dynamic loading of agents will be disallowed by default in a future release
]]></system-err>
  </testcase>
</testsuite>